<?xml version="1.0" encoding="UTF-8" ?>
<testsuite failures="0" time="1.37" errors="0" skipped="0" tests="1" name="com.baidu.rigel.ring.dao.UserDaoTest">
  <properties>
    <property name="java.runtime.name" value="Java(TM) SE Runtime Environment"/>
    <property name="sun.boot.library.path" value="E:\jdk1.6.0_30\jre\bin"/>
    <property name="java.vm.version" value="20.5-b03"/>
    <property name="java.vm.vendor" value="Sun Microsystems Inc."/>
    <property name="java.vendor.url" value="http://java.sun.com/"/>
    <property name="path.separator" value=";"/>
    <property name="java.vm.name" value="Java HotSpot(TM) Client VM"/>
    <property name="file.encoding.pkg" value="sun.io"/>
    <property name="user.country" value="CN"/>
    <property name="sun.java.launcher" value="SUN_STANDARD"/>
    <property name="sun.os.patch.level" value="Service Pack 1"/>
    <property name="java.vm.specification.name" value="Java Virtual Machine Specification"/>
    <property name="user.dir" value="E:\oprd\ring"/>
    <property name="java.runtime.version" value="1.6.0_30-b12"/>
    <property name="java.awt.graphicsenv" value="sun.awt.Win32GraphicsEnvironment"/>
    <property name="basedir" value="E:\oprd\ring"/>
    <property name="java.endorsed.dirs" value="E:\jdk1.6.0_30\jre\lib\endorsed"/>
    <property name="os.arch" value="x86"/>
    <property name="surefire.real.class.path" value="C:\Users\luokun\AppData\Local\Temp\surefirebooter9198283945540665358.jar"/>
    <property name="java.io.tmpdir" value="C:\Users\luokun\AppData\Local\Temp\"/>
    <property name="line.separator" value="
"/>
    <property name="java.vm.specification.vendor" value="Sun Microsystems Inc."/>
    <property name="user.variant" value=""/>
    <property name="os.name" value="Windows 7"/>
    <property name="sun.jnu.encoding" value="GBK"/>
    <property name="java.library.path" value="E:\jdk1.6.0_30\jre\bin;C:\Windows\Sun\Java\bin;C:\Windows\system32;C:\Windows;C:/Program Files/Java/jre6/bin/client;C:/Program Files/Java/jre6/bin;C:/Program Files/Java/jre6/lib/i386;C:\Windows\system32;C:\Windows;C:\Windows\System32\Wbem;C:\Windows\System32\WindowsPowerShell\v1.0\;C:\Program Files\Lenovo\Access Connections\;E:\tomcat5.5\bin;E:\jdk1.5\bin;E:\maven-2.2.1\bin;C:\Program Files\TortoiseSVN\bin;C:\Python27;;E:\eclipse;;."/>
    <property name="surefire.test.class.path" value="E:\oprd\ring\target\test-classes;E:\oprd\ring\target\classes;E:\devtools\mvn_repo\org\springframework\spring-web\3.0.5.RELEASE\spring-web-3.0.5.RELEASE.jar;E:\devtools\mvn_repo\aopalliance\aopalliance\1.0\aopalliance-1.0.jar;E:\devtools\mvn_repo\org\springframework\spring-beans\3.0.5.RELEASE\spring-beans-3.0.5.RELEASE.jar;E:\devtools\mvn_repo\org\springframework\spring-core\3.0.5.RELEASE\spring-core-3.0.5.RELEASE.jar;E:\devtools\mvn_repo\org\springframework\spring-asm\3.0.5.RELEASE\spring-asm-3.0.5.RELEASE.jar;E:\devtools\mvn_repo\commons-logging\commons-logging\1.1.1\commons-logging-1.1.1.jar;E:\devtools\mvn_repo\org\springframework\spring-context\3.0.5.RELEASE\spring-context-3.0.5.RELEASE.jar;E:\devtools\mvn_repo\org\springframework\spring-aop\3.0.5.RELEASE\spring-aop-3.0.5.RELEASE.jar;E:\devtools\mvn_repo\org\springframework\spring-expression\3.0.5.RELEASE\spring-expression-3.0.5.RELEASE.jar;E:\devtools\mvn_repo\org\springframework\spring-webmvc\3.0.5.RELEASE\spring-webmvc-3.0.5.RELEASE.jar;E:\devtools\mvn_repo\org\springframework\spring-context-support\3.0.5.RELEASE\spring-context-support-3.0.5.RELEASE.jar;E:\devtools\mvn_repo\org\springframework\spring-orm\3.0.5.RELEASE\spring-orm-3.0.5.RELEASE.jar;E:\devtools\mvn_repo\org\springframework\spring-jdbc\3.0.5.RELEASE\spring-jdbc-3.0.5.RELEASE.jar;E:\devtools\mvn_repo\org\springframework\spring-tx\3.0.5.RELEASE\spring-tx-3.0.5.RELEASE.jar;E:\devtools\mvn_repo\org\mybatis\mybatis\3.2.4\mybatis-3.2.4.jar;E:\devtools\mvn_repo\org\mybatis\mybatis-spring\1.2.2\mybatis-spring-1.2.2.jar;E:\devtools\mvn_repo\mysql\mysql-connector-java\5.1.29\mysql-connector-java-5.1.29.jar;E:\devtools\mvn_repo\junit\junit\4.11\junit-4.11.jar;E:\devtools\mvn_repo\org\hamcrest\hamcrest-core\1.3\hamcrest-core-1.3.jar;E:\devtools\mvn_repo\org\springframework\spring-test\3.0.5.RELEASE\spring-test-3.0.5.RELEASE.jar;E:\devtools\mvn_repo\org\codehaus\jackson\jackson-mapper-asl\1.9.13\jackson-mapper-asl-1.9.13.jar;E:\devtools\mvn_repo\org\codehaus\jackson\jackson-core-asl\1.9.13\jackson-core-asl-1.9.13.jar;E:\devtools\mvn_repo\log4j\log4j\1.2.9\log4j-1.2.9.jar;E:\devtools\mvn_repo\org\slf4j\slf4j-api\1.6.6\slf4j-api-1.6.6.jar;E:\devtools\mvn_repo\org\slf4j\slf4j-log4j12\1.6.6\slf4j-log4j12-1.6.6.jar;E:\devtools\mvn_repo\c3p0\c3p0\0.9.1\c3p0-0.9.1.jar;E:\devtools\mvn_repo\cglib\cglib\2.2\cglib-2.2.jar;E:\devtools\mvn_repo\asm\asm\3.1\asm-3.1.jar;E:\devtools\mvn_repo\org\mybatis\generator\mybatis-generator-core\1.3.2\mybatis-generator-core-1.3.2.jar;"/>
    <property name="java.specification.name" value="Java Platform API Specification"/>
    <property name="java.class.version" value="50.0"/>
    <property name="sun.management.compiler" value="HotSpot Client Compiler"/>
    <property name="os.version" value="6.1"/>
    <property name="user.home" value="C:\Users\luokun"/>
    <property name="user.timezone" value="Asia/Shanghai"/>
    <property name="java.awt.printerjob" value="sun.awt.windows.WPrinterJob"/>
    <property name="java.specification.version" value="1.6"/>
    <property name="file.encoding" value="GBK"/>
    <property name="user.name" value="luokun"/>
    <property name="java.class.path" value="E:\oprd\ring\target\test-classes;E:\oprd\ring\target\classes;E:\devtools\mvn_repo\org\springframework\spring-web\3.0.5.RELEASE\spring-web-3.0.5.RELEASE.jar;E:\devtools\mvn_repo\aopalliance\aopalliance\1.0\aopalliance-1.0.jar;E:\devtools\mvn_repo\org\springframework\spring-beans\3.0.5.RELEASE\spring-beans-3.0.5.RELEASE.jar;E:\devtools\mvn_repo\org\springframework\spring-core\3.0.5.RELEASE\spring-core-3.0.5.RELEASE.jar;E:\devtools\mvn_repo\org\springframework\spring-asm\3.0.5.RELEASE\spring-asm-3.0.5.RELEASE.jar;E:\devtools\mvn_repo\commons-logging\commons-logging\1.1.1\commons-logging-1.1.1.jar;E:\devtools\mvn_repo\org\springframework\spring-context\3.0.5.RELEASE\spring-context-3.0.5.RELEASE.jar;E:\devtools\mvn_repo\org\springframework\spring-aop\3.0.5.RELEASE\spring-aop-3.0.5.RELEASE.jar;E:\devtools\mvn_repo\org\springframework\spring-expression\3.0.5.RELEASE\spring-expression-3.0.5.RELEASE.jar;E:\devtools\mvn_repo\org\springframework\spring-webmvc\3.0.5.RELEASE\spring-webmvc-3.0.5.RELEASE.jar;E:\devtools\mvn_repo\org\springframework\spring-context-support\3.0.5.RELEASE\spring-context-support-3.0.5.RELEASE.jar;E:\devtools\mvn_repo\org\springframework\spring-orm\3.0.5.RELEASE\spring-orm-3.0.5.RELEASE.jar;E:\devtools\mvn_repo\org\springframework\spring-jdbc\3.0.5.RELEASE\spring-jdbc-3.0.5.RELEASE.jar;E:\devtools\mvn_repo\org\springframework\spring-tx\3.0.5.RELEASE\spring-tx-3.0.5.RELEASE.jar;E:\devtools\mvn_repo\org\mybatis\mybatis\3.2.4\mybatis-3.2.4.jar;E:\devtools\mvn_repo\org\mybatis\mybatis-spring\1.2.2\mybatis-spring-1.2.2.jar;E:\devtools\mvn_repo\mysql\mysql-connector-java\5.1.29\mysql-connector-java-5.1.29.jar;E:\devtools\mvn_repo\junit\junit\4.11\junit-4.11.jar;E:\devtools\mvn_repo\org\hamcrest\hamcrest-core\1.3\hamcrest-core-1.3.jar;E:\devtools\mvn_repo\org\springframework\spring-test\3.0.5.RELEASE\spring-test-3.0.5.RELEASE.jar;E:\devtools\mvn_repo\org\codehaus\jackson\jackson-mapper-asl\1.9.13\jackson-mapper-asl-1.9.13.jar;E:\devtools\mvn_repo\org\codehaus\jackson\jackson-core-asl\1.9.13\jackson-core-asl-1.9.13.jar;E:\devtools\mvn_repo\log4j\log4j\1.2.9\log4j-1.2.9.jar;E:\devtools\mvn_repo\org\slf4j\slf4j-api\1.6.6\slf4j-api-1.6.6.jar;E:\devtools\mvn_repo\org\slf4j\slf4j-log4j12\1.6.6\slf4j-log4j12-1.6.6.jar;E:\devtools\mvn_repo\c3p0\c3p0\0.9.1\c3p0-0.9.1.jar;E:\devtools\mvn_repo\cglib\cglib\2.2\cglib-2.2.jar;E:\devtools\mvn_repo\asm\asm\3.1\asm-3.1.jar;E:\devtools\mvn_repo\org\mybatis\generator\mybatis-generator-core\1.3.2\mybatis-generator-core-1.3.2.jar;"/>
    <property name="java.vm.specification.version" value="1.0"/>
    <property name="sun.arch.data.model" value="32"/>
    <property name="java.home" value="E:\jdk1.6.0_30\jre"/>
    <property name="sun.java.command" value="C:\Users\luokun\AppData\Local\Temp\surefirebooter9198283945540665358.jar C:\Users\luokun\AppData\Local\Temp\surefire7139764162112479224tmp C:\Users\luokun\AppData\Local\Temp\surefire5759445281864466632tmp"/>
    <property name="java.specification.vendor" value="Sun Microsystems Inc."/>
    <property name="user.language" value="zh"/>
    <property name="awt.toolkit" value="sun.awt.windows.WToolkit"/>
    <property name="java.vm.info" value="mixed mode, sharing"/>
    <property name="java.version" value="1.6.0_30"/>
    <property name="java.ext.dirs" value="E:\jdk1.6.0_30\jre\lib\ext;C:\Windows\Sun\Java\lib\ext"/>
    <property name="sun.boot.class.path" value="E:\jdk1.6.0_30\jre\lib\resources.jar;E:\jdk1.6.0_30\jre\lib\rt.jar;E:\jdk1.6.0_30\jre\lib\sunrsasign.jar;E:\jdk1.6.0_30\jre\lib\jsse.jar;E:\jdk1.6.0_30\jre\lib\jce.jar;E:\jdk1.6.0_30\jre\lib\charsets.jar;E:\jdk1.6.0_30\jre\lib\modules\jdk.boot.jar;E:\jdk1.6.0_30\jre\classes"/>
    <property name="java.vendor" value="Sun Microsystems Inc."/>
    <property name="localRepository" value="E:\devtools\mvn_repo"/>
    <property name="file.separator" value="\"/>
    <property name="java.vendor.url.bug" value="http://java.sun.com/cgi-bin/bugreport.cgi"/>
    <property name="sun.cpu.endian" value="little"/>
    <property name="sun.io.unicode.encoding" value="UnicodeLittle"/>
    <property name="sun.desktop" value="windows"/>
    <property name="sun.cpu.isalist" value="pentium_pro+mmx pentium_pro pentium+mmx pentium i486 i386 i86"/>
  </properties>
  <testcase time="1.35" classname="com.baidu.rigel.ring.dao.UserDaoTest" name="testFindUserById"/>
</testsuite>